2014-04-17 21:30:48.611 BabaScriptClient[17695:70b] Multi-tasking -> Device: YES, App: YES
2014-04-17 21:30:48.635 BabaScriptClient[17695:70b] Unlimited access to network resources
2014-04-17 21:30:48.981 BabaScriptClient[17695:70b] Resetting plugins due to page load.
2014-04-17 21:30:49.094 BabaScriptClient[17695:70b] Finished load of: file:///Users/takumi/Library/Application%20Support/iPhone%20Simulator/7.1/Applications/7A83D3E8-2C4E-4C6D-B2F9-E755ABF794AF/BabaScriptClient.app/www/index.html
Terminating in response to SpringBoard's termination.
2014-04-17 21:40:52.495 BabaScriptClient[18064:70b] Multi-tasking -> Device: YES, App: YES
2014-04-17 21:40:52.504 BabaScriptClient[18064:70b] Unlimited access to network resources
2014-04-17 21:40:52.639 BabaScriptClient[18064:70b] Resetting plugins due to page load.
2014-04-17 21:40:57.001 BabaScriptClient[18064:70b] Finished load of: https://www.google.co.jp/?gfe_rd=cr&ei=z8tPU7jhFaHH8gfpnIG4BA
2014-04-17 21:43:01.160 BabaScriptClient[18266:70b] Multi-tasking -> Device: YES, App: YES
2014-04-17 21:43:01.166 BabaScriptClient[18266:70b] Unlimited access to network resources
2014-04-17 21:43:01.223 BabaScriptClient[18266:70b] Resetting plugins due to page load.
2014-04-17 21:43:02.876 BabaScriptClient[18266:70b] Finished load of: http://localhost:4000/
2014-04-17 21:43:28.766 BabaScriptClient[18396:70b] Multi-tasking -> Device: YES, App: YES
2014-04-17 21:43:28.775 BabaScriptClient[18396:70b] Unlimited access to network resources
2014-04-17 21:43:28.910 BabaScriptClient[18396:70b] Resetting plugins due to page load.
2014-04-17 21:43:30.382 BabaScriptClient[18396:70b] Finished load of: http://localhost:4000/
2014-04-17 21:44:07.477 BabaScriptClient[18588:70b] Multi-tasking -> Device: YES, App: YES
2014-04-17 21:44:07.482 BabaScriptClient[18588:70b] Unlimited access to network resources
2014-04-17 21:44:07.539 BabaScriptClient[18588:70b] Resetting plugins due to page load.
2014-04-17 21:44:08.976 BabaScriptClient[18588:70b] Finished load of: http://localhost:4000/client/baba/index
2014-04-17 21:44:18.846 BabaScriptClient[18660:70b] Multi-tasking -> Device: YES, App: YES
2014-04-17 21:44:18.852 BabaScriptClient[18660:70b] Unlimited access to network resources
2014-04-17 21:44:18.937 BabaScriptClient[18660:70b] Resetting plugins due to page load.
2014-04-17 21:44:20.688 BabaScriptClient[18660:70b] Finished load of: http://localhost:4000/client/baba/index
2014-04-17 22:19:32.572 BabaScriptClient[19218:70b] Multi-tasking -> Device: YES, App: YES
2014-04-17 22:19:32.581 BabaScriptClient[19218:70b] Unlimited access to network resources
2014-04-17 22:19:32.713 BabaScriptClient[19218:70b] Resetting plugins due to page load.
2014-04-17 22:19:34.790 BabaScriptClient[19218:70b] Finished load of: http://localhost:4000/client/baba/index
2014-04-22 02:36:35.270 BabaScriptClient[42480:70b] Multi-tasking -> Device: YES, App: YES
2014-04-22 02:36:35.276 BabaScriptClient[42480:70b] Unlimited access to network resources
2014-04-22 02:36:35.347 BabaScriptClient[42480:70b] Resetting plugins due to page load.
2014-04-22 02:36:37.146 BabaScriptClient[42480:70b] Finished load of: http://133.27.246.189:5000/client/
2014-04-22 02:36:46.832 BabaScriptClient[42480:70b] Resetting plugins due to page load.
2014-04-22 02:36:47.239 BabaScriptClient[42480:70b] Failed to load webpage with error: The operation couldn’t be completed. (NSURLErrorDomain error -999.)
2014-04-22 02:36:47.240 BabaScriptClient[42480:70b] Resetting plugins due to page load.
2014-04-22 02:36:47.308 BabaScriptClient[42480:70b] Finished load of: http://133.27.246.189:5000/client/baba/index
2014-04-22 02:59:55.221 BabaScriptClient[44951:70b] Multi-tasking -> Device: YES, App: YES
2014-04-22 02:59:55.228 BabaScriptClient[44951:70b] Unlimited access to network resources
2014-04-22 02:59:55.322 BabaScriptClient[44951:70b] Resetting plugins due to page load.
2014-04-22 02:59:56.411 BabaScriptClient[44951:70b] Failed to load webpage with error: The operation couldn’t be completed. (NSURLErrorDomain error -999.)
2014-04-22 02:59:56.411 BabaScriptClient[44951:70b] Resetting plugins due to page load.
2014-04-22 02:59:56.616 BabaScriptClient[44951:70b] Finished load of: http://133.27.246.189:5000/client/baba/boolean
2014-04-22 03:00:24.099 BabaScriptClient[45127:70b] Multi-tasking -> Device: YES, App: YES
2014-04-22 03:00:24.105 BabaScriptClient[45127:70b] Unlimited access to network resources
2014-04-22 03:00:24.161 BabaScriptClient[45127:70b] Resetting plugins due to page load.
2014-04-22 03:00:25.476 BabaScriptClient[45127:70b] Failed to load webpage with error: The operation couldn’t be completed. (NSURLErrorDomain error -999.)
2014-04-22 03:00:25.476 BabaScriptClient[45127:70b] Resetting plugins due to page load.
2014-04-22 03:00:25.571 BabaScriptClient[45127:70b] Finished load of: http://133.27.246.189:5000/client/baba/index
2014-04-22 03:00:37.847 BabaScriptClient[45230:70b] Multi-tasking -> Device: YES, App: YES
2014-04-22 03:00:37.856 BabaScriptClient[45230:70b] Unlimited access to network resources
2014-04-22 03:00:38.005 BabaScriptClient[45230:70b] Resetting plugins due to page load.
2014-04-22 03:00:39.437 BabaScriptClient[45230:70b] Failed to load webpage with error: The operation couldn’t be completed. (NSURLErrorDomain error -999.)
2014-04-22 03:00:39.437 BabaScriptClient[45230:70b] Resetting plugins due to page load.
2014-04-22 03:00:39.720 BabaScriptClient[45230:70b] Finished load of: http://133.27.246.189:5000/client/baba/index
Terminating in response to SpringBoard's termination.
